TEST_FAILED
TEST FAILED
Segmentation fault
Kernel panic
